49.83 40.46 'Baku'

38.06 44.30 'Reki chernogo mora1' 
38.58 44.10 'Reki chernogo mora2' 
39.82 43.52 'Reki chernogo mora3'

40.19 54.84 'Razan12'
40.97 55.20 'Razan3'
41.78 54.93 'Razan4'
42.30 54.50 'Razan5'

41.33 43.016 'Abhzia'
40.71 43.28 'gora Hipsta'
40.54 43.48 'ozero Rica'
45.35 40.31 'ozero Sevan'

43.92 56.31' Nigni Novgorod'
44.49. 48.70 'Volgograd'

49.677 53.3 'Samarskaya luka'

38.2 54.1 'Don'
36.3 54.5 'Ugra'

36.5 45.3 'Kerchenski most'
34.6 45.2 'Crimea'

42.4 47.73 'Cimlandskoe vodohran'
49.677 53.3 'Samarskaya luka'

107.75 53.216 'Ozero Baikal'

71.36 35.7 'Pamir1'
71.24 38.15 'Pamir2'

69.58 -49.25 'Kergelen'
73.51 -53.1 'Ostrov Herd'
-92.0 1.68 'Ostrov Darvin'
115.40 -8.75 'Pulau Penida'

-73.066 -50.477 'Perito- Moreno'
-70.78 -53.48 'Magellanov proliv'

78.15 41.86 'Lednik Davidova'
-77.6 -9.11 'vUaskaran'
